<?xml version="1.0" encoding="UTF-8"?>
<!-- Generated by org.testng.reporters.JUnitReportReporter -->
<testsuite hostname="DESKTOP-6RDKUPP" failures="0" tests="4" name="com.mystore.utilities.TestNGReportExample" time="0.017" errors="0" timestamp="2024-02-03T21:48:53 EST" skipped="0">
  <testcase classname="com.mystore.utilities.TestNGReportExample" name="testMethod2" time="0.002"/>
  <testcase classname="com.mystore.utilities.TestNGReportExample" name="testMethod4" time="0.002"/>
  <testcase classname="com.mystore.utilities.TestNGReportExample" name="testMethod3" time="0.002"/>
  <testcase classname="com.mystore.utilities.TestNGReportExample" name="testMethod1" time="0.011"/>
</testsuite> <!-- com.mystore.utilities.TestNGReportExample -->
