<?xml version="1.0" encoding="UTF-8"?>
<!-- Generated by org.testng.reporters.JUnitReportReporter -->
<testsuite hostname="DESKTOP-6RDKUPP" failures="0" tests="1" name="com.mystore.testCases.LoginTest" time="6.536" errors="0" timestamp="2024-02-03T21:41:19 EST" skipped="0">
  <testcase classname="com.mystore.testCases.LoginTest" name="Verifylogin" time="6.536"/>
</testsuite> <!-- com.mystore.testCases.LoginTest -->
